<?xml version="1.0" encoding="UTF-8"?>
<!-- Generated by org.testng.reporters.JUnitXMLReporter -->
<testsuite ignored="0" hostname="Sophias-MacBook-Pro.local" failures="0" tests="5" name="Amazon Tests" time="41.731" errors="0" timestamp="10 Oct. 2018 02:15:23 GMT">
  <testcase classname="amazonTest.AmazonTest1" name="verifySignInButton" time="0.051"/>
  <testcase classname="amazonTest.AmazonTest2" name="verifyUserSignIn" time="3.5"/>
  <testcase classname="amazonTest.AmazonTest3" name="verifyValidSearch" time="8.223"/>
  <testcase classname="amazonTest.AmazonTest4" name="verifyInvalidSearch" time="5.927"/>
  <testcase classname="amazonTest.AmazonTest5" name="verifyProceedCheckout" time="11.321"/>
</testsuite> <!-- Amazon Tests -->
