<?xml version="1.0" encoding="UTF-8"?>
<testng-results ignored="0" total="5" passed="5" failed="0" skipped="0">
  <reporter-output>
  </reporter-output>
  <suite started-at="2018-10-10T02:14:36Z" name="Amazon Test Suite" finished-at="2018-10-10T02:15:18Z" duration-ms="41731">
    <groups>
    </groups>
    <test started-at="2018-10-10T02:14:36Z" name="Amazon Tests" finished-at="2018-10-10T02:15:18Z" duration-ms="41731">
      <class name="amazonTest.AmazonTest3">
        <test-method signature="verifyValidSearch()[pri:0, instance:amazonTest.AmazonTest3@71e9ddb4]" started-at="2018-10-10T02:14:52Z" name="verifyValidSearch" finished-at="2018-10-10T02:15:00Z" duration-ms="8223" status="PASS">
          <reporter-output>
          </reporter-output>
        </test-method> <!-- verifyValidSearch -->
      </class> <!-- amazonTest.AmazonTest3 -->
      <class name="amazonTest.AmazonTest2">
        <test-method signature="verifyUserSignIn()[pri:0, instance:amazonTest.AmazonTest2@7530ad9c]" started-at="2018-10-10T02:14:48Z" name="verifyUserSignIn" finished-at="2018-10-10T02:14:52Z" duration-ms="3500" status="PASS">
          <reporter-output>
          </reporter-output>
        </test-method> <!-- verifyUserSignIn -->
      </class> <!-- amazonTest.AmazonTest2 -->
      <class name="amazonTest.AmazonTest5">
        <test-method signature="verifyProceedCheckout()[pri:0, instance:amazonTest.AmazonTest5@58a9760d]" started-at="2018-10-10T02:15:06Z" name="verifyProceedCheckout" finished-at="2018-10-10T02:15:17Z" duration-ms="11321" status="PASS">
          <reporter-output>
          </reporter-output>
        </test-method> <!-- verifyProceedCheckout -->
      </class> <!-- amazonTest.AmazonTest5 -->
      <class name="amazonTest.AmazonTest4">
        <test-method signature="verifyInvalidSearch()[pri:0, instance:amazonTest.AmazonTest4@394df057]" started-at="2018-10-10T02:15:00Z" name="verifyInvalidSearch" finished-at="2018-10-10T02:15:06Z" duration-ms="5927" status="PASS">
          <reporter-output>
          </reporter-output>
        </test-method> <!-- verifyInvalidSearch -->
      </class> <!-- amazonTest.AmazonTest4 -->
      <class name="amazonTest.AmazonTest1">
        <test-method is-config="true" signature="logOutUser()[pri:0, instance:amazonTest.AmazonTest1@4e50c791]" started-at="2018-10-10T02:14:36Z" name="logOutUser" finished-at="2018-10-10T02:14:40Z" duration-ms="3367" status="PASS">
          <reporter-output>
          </reporter-output>
        </test-method> <!-- logOutUser -->
        <test-method is-config="true" signature="logOutUser()[pri:0, instance:amazonTest.AmazonTest2@7530ad9c]" started-at="2018-10-10T02:14:40Z" name="logOutUser" finished-at="2018-10-10T02:14:45Z" duration-ms="5128" status="PASS">
          <reporter-output>
          </reporter-output>
        </test-method> <!-- logOutUser -->
        <test-method is-config="true" signature="logOutUser()[pri:0, instance:amazonTest.AmazonTest5@58a9760d]" started-at="2018-10-10T02:14:45Z" name="logOutUser" finished-at="2018-10-10T02:14:48Z" duration-ms="3134" status="PASS">
          <reporter-output>
          </reporter-output>
        </test-method> <!-- logOutUser -->
        <test-method signature="verifySignInButton()[pri:0, instance:amazonTest.AmazonTest1@4e50c791]" started-at="2018-10-10T02:14:48Z" name="verifySignInButton" finished-at="2018-10-10T02:14:48Z" duration-ms="51" status="PASS">
          <reporter-output>
          </reporter-output>
        </test-method> <!-- verifySignInButton -->
        <test-method is-config="true" signature="endSession()[pri:0, instance:amazonTest.AmazonTest1@4e50c791]" started-at="2018-10-10T02:15:17Z" name="endSession" finished-at="2018-10-10T02:15:17Z" duration-ms="216" status="PASS">
          <reporter-output>
          </reporter-output>
        </test-method> <!-- endSession -->
        <test-method is-config="true" signature="endSession()[pri:0, instance:amazonTest.AmazonTest2@7530ad9c]" started-at="2018-10-10T02:15:17Z" name="endSession" finished-at="2018-10-10T02:15:17Z" duration-ms="212" status="PASS">
          <reporter-output>
          </reporter-output>
        </test-method> <!-- endSession -->
        <test-method is-config="true" signature="endSession()[pri:0, instance:amazonTest.AmazonTest3@71e9ddb4]" started-at="2018-10-10T02:15:17Z" name="endSession" finished-at="2018-10-10T02:15:18Z" duration-ms="209" status="PASS">
          <reporter-output>
          </reporter-output>
        </test-method> <!-- endSession -->
        <test-method is-config="true" signature="endSession()[pri:0, instance:amazonTest.AmazonTest4@394df057]" started-at="2018-10-10T02:15:18Z" name="endSession" finished-at="2018-10-10T02:15:18Z" duration-ms="203" status="PASS">
          <reporter-output>
          </reporter-output>
        </test-method> <!-- endSession -->
        <test-method is-config="true" signature="endSession()[pri:0, instance:amazonTest.AmazonTest5@58a9760d]" started-at="2018-10-10T02:15:18Z" name="endSession" finished-at="2018-10-10T02:15:18Z" duration-ms="221" status="PASS">
          <reporter-output>
          </reporter-output>
        </test-method> <!-- endSession -->
      </class> <!-- amazonTest.AmazonTest1 -->
    </test> <!-- Amazon Tests -->
  </suite> <!-- Amazon Test Suite -->
</testng-results>
